{
  "RSpec": {
    "coverage": {
      "/Users/Israel/Documents/IAR/UCB/SemActual/IngSoftw/pingpong_cucumber_rspec_v1/lib/scorer.rb": [
        1,
        1,
        8,
        null,
        8,
        8,
        null,
        null,
        1,
        14,
        7,
        null,
        7,
        null,
        null,
        null,
        1,
        30,
        15,
        null,
        15,
        null,
        null,
        null,
        1,
        14,
        2,
        null,
        12,
        2,
        null,
        10,
        null,
        null,
        null,
        null,
        1,
        14,
        null,
        null,
        1,
        12,
        null,
        null
      ]
    },
    "timestamp": 1415301014
  }
}
