{
  "RSpec": {
    "coverage": {
      "/Users/Israel/Documents/IAR/UCB/SemActual/IngSoftw/pingpong_cucumber_rspec_v1/lib/scorer.rb": [
        1,
        1,
        9,
        null,
        9,
        9,
        null,
        null,
        1,
        16,
        8,
        null,
        8,
        null,
        null,
        null,
        1,
        38,
        19,
        0,
        null,
        19,
        null,
        null,
        19,
        1,
        null,
        18,
        null,
        null,
        null,
        null,
        1,
        16,
        4,
        null,
        12,
        2,
        null,
        10,
        null,
        null,
        null,
        null,
        1,
        16,
        null,
        null,
        1,
        50,
        null,
        null
      ]
    },
    "timestamp": 1415732520
  }
}
